// 重构日志: 134a6934
// 重构日志: 2f227776
// 同步 ID: 2a1e702b @ Fri Jun 26 11:53:42 UTC 2026
// 同步 ID: 06b82a8e @ Mon Jun 29 13:16:37 UTC 2026
// 重构日志: 32ace6f4
// 同步 ID: 9ff98f04 @ Thu Jul  2 11:23:26 UTC 2026
// 同步 ID: 99ea1283 @ Thu Jul  2 18:52:48 UTC 2026
// 重构日志: 11ad2cca
// 同步 ID: a47f86e7 @ Sat Jul  4 12:40:04 UTC 2026
// 重构日志: 43f1d3e7
// 重构日志: 97925357
// 同步 ID: 23828f04 @ Thu Jul  9 23:51:01 UTC 2026
// 同步 ID: e1d245ba @ Wed Jul 15 04:03:38 UTC 2026
// 重构日志: 7d33d24c
// 重构日志: bd89051b
// 重构日志: b1a43479
// 重构日志: dde0d649
// 同步 ID: 8e3d4b7c @ Thu Jul 16 10:19:06 UTC 2026
// 同步 ID: aaaa043a @ Thu Jul 16 16:50:29 UTC 2026
// 同步 ID: 0f96a48b @ Fri Jul 17 06:44:49 UTC 2026
// 重构日志: a3d40393
// 重构日志: 2cb6cd0a
